0 info it worked if it ends with ok
1 verbose cli [ 'D:\\software\\nodejs\\node.exe',
1 verbose cli   'D:\\software\\nodejs\\node_modules\\npm\\bin\\npm-cli.js',
1 verbose cli   'start' ]
2 info using npm@3.10.10
3 info using node@v6.11.2
4 verbose run-script [ 'prestart', 'start', 'poststart' ]
5 info lifecycle vue-cnode@2.0.0~prestart: vue-cnode@2.0.0
6 silly lifecycle vue-cnode@2.0.0~prestart: no script for prestart, continuing
7 info lifecycle vue-cnode@2.0.0~start: vue-cnode@2.0.0
8 verbose lifecycle vue-cnode@2.0.0~start: unsafe-perm in lifecycle true
9 verbose lifecycle vue-cnode@2.0.0~start: PATH: D:\software\nodejs\node_modules\npm\bin\node-gyp-bin;E:\vue+mongo\Vue-cn\node_modules\.bin;C:\Users\Administrator\bin;D:\software\Git\mingw64\bin;D:\software\Git\usr\local\bin;D:\software\Git\usr\bin;D:\software\Git\usr\bin;D:\software\Git\mingw64\bin;D:\software\Git\usr\bin;C:\Users\Administrator\bin;C:\ProgramData\Oracle\Java\javapath;C:\Program Files\Java\jdk1.8.0_111\bin;C:\Program Files\Java\jdk1.8.0_111\jre\bin;D:\software\Git\cmd;D:\software\nodejs;C:\Program Files (x86)\Skype\Phone;C:\xampp\php;C:\ProgramData\ComposerSetup\bin;C:\Users\Administrator\AppData\Roaming\npm;C:\Users\Administrator\AppData\Roaming\Composer\vendor\bin;C:\Users\Administrator\AppData\Local\Programs\Python\Python36;C:\Users\Administrator\AppData\Local\Programs\Python\Python36\Scripts;D:\software\Git\usr\bin\vendor_perl;D:\software\Git\usr\bin\core_perl
10 verbose lifecycle vue-cnode@2.0.0~start: CWD: E:\vue+mongo\Vue-cn
11 silly lifecycle vue-cnode@2.0.0~start: Args: [ '/d /s /c', 'node server/app.js' ]
12 silly lifecycle vue-cnode@2.0.0~start: Returned: code: 1  signal: null
13 info lifecycle vue-cnode@2.0.0~start: Failed to exec start script
14 verbose stack Error: vue-cnode@2.0.0 start: `node server/app.js`
14 verbose stack Exit status 1
14 verbose stack     at EventEmitter.<anonymous> (D:\software\nodejs\node_modules\npm\lib\utils\lifecycle.js:255:16)
14 verbose stack     at emitTwo (events.js:106:13)
14 verbose stack     at EventEmitter.emit (events.js:191:7)
14 verbose stack     at ChildProcess.<anonymous> (D:\software\nodejs\node_modules\npm\lib\utils\spawn.js:40:14)
14 verbose stack     at emitTwo (events.js:106:13)
14 verbose stack     at ChildProcess.emit (events.js:191:7)
14 verbose stack     at maybeClose (internal/child_process.js:891:16)
14 verbose stack     at Process.ChildProcess._handle.onexit (internal/child_process.js:226:5)
15 verbose pkgid vue-cnode@2.0.0
16 verbose cwd E:\vue+mongo\Vue-cn
17 error Windows_NT 6.1.7601
18 error argv "D:\\software\\nodejs\\node.exe" "D:\\software\\nodejs\\node_modules\\npm\\bin\\npm-cli.js" "start"
19 error node v6.11.2
20 error npm  v3.10.10
21 error code ELIFECYCLE
22 error vue-cnode@2.0.0 start: `node server/app.js`
22 error Exit status 1
23 error Failed at the vue-cnode@2.0.0 start script 'node server/app.js'.
23 error Make sure you have the latest version of node.js and npm installed.
23 error If you do, this is most likely a problem with the vue-cnode package,
23 error not with npm itself.
23 error Tell the author that this fails on your system:
23 error     node server/app.js
23 error You can get information on how to open an issue for this project with:
23 error     npm bugs vue-cnode
23 error Or if that isn't available, you can get their info via:
23 error     npm owner ls vue-cnode
23 error There is likely additional logging output above.
24 verbose exit [ 1, true ]
